<?xml version="1.0" encoding="UTF-8" ?>
<testsuite tests="1" failures="0" name="au.com.anz.thilini.BorrowingEstimateTest" time="17.855" errors="1" skipped="0">
  <properties>
[...]
</properties>
  <testcase classname="Borrowing page" name="Check borrowing capacity" time="17.855">
    <error message="Expected condition failed: waiting for visibility of element located by By.cssSelector: span[class=&apos;borrow__result__text&apos;] (tried for 10 second(s) with 500 milliseconds interval)
Build info: version: &apos;3.141.59&apos;, revision: &apos;e82be7d358&apos;, time: &apos;2018-11-14T08:17:03&apos;
System info: host: &apos;Lakindus-MBP.lan&apos;, ip: &apos;fe80:0:0:0:18d5:424a:6f3e:e387%en0&apos;, os.name: &apos;Mac OS X&apos;, os.arch: &apos;x86_64&apos;, os.version: &apos;10.13.6&apos;, java.version: &apos;13&apos;
Driver info: org.openqa.selenium.chrome.ChromeDriver
Capabilities {acceptInsecureCerts: false, browserName: chrome, browserVersion: 77.0.3865.120, chrome: {chromedriverVersion: 77.0.3865.40 (f484704e052e0..., userDataDir: /var/folders/k6/d5t_7g_957q...}, goog:chromeOptions: {debuggerAddress: localhost:49502}, javascriptEnabled: true, networkConnectionEnabled: false, pageLoadStrategy: normal, platform: MAC, platformName: MAC, proxy: Proxy(), setWindowRect: true, strictFileInteractability: false, timeouts: {implicit: 0, pageLoad: 300000, script: 30000}, unhandledPromptBehavior: dismiss and notify}
Session ID: e7f51e14e9e2bf5417f866d5ae999700" type="org.openqa.selenium.TimeoutException">org.openqa.selenium.TimeoutException: Expected condition failed: waiting for visibility of element located by By.cssSelector: span[class=&apos;borrow__result__text&apos;] (tried for 10 second(s) with 500 milliseconds interval)
Build info: version: &apos;3.141.59&apos;, revision: &apos;e82be7d358&apos;, time: &apos;2018-11-14T08:17:03&apos;
System info: host: &apos;Lakindus-MBP.lan&apos;, ip: &apos;fe80:0:0:0:18d5:424a:6f3e:e387%en0&apos;, os.name: &apos;Mac OS X&apos;, os.arch: &apos;x86_64&apos;, os.version: &apos;10.13.6&apos;, java.version: &apos;13&apos;
Driver info: org.openqa.selenium.chrome.ChromeDriver
Capabilities {acceptInsecureCerts: false, browserName: chrome, browserVersion: 77.0.3865.120, chrome: {chromedriverVersion: 77.0.3865.40 (f484704e052e0..., userDataDir: /var/folders/k6/d5t_7g_957q...}, goog:chromeOptions: {debuggerAddress: localhost:49502}, javascriptEnabled: true, networkConnectionEnabled: false, pageLoadStrategy: normal, platform: MAC, platformName: MAC, proxy: Proxy(), setWindowRect: true, strictFileInteractability: false, timeouts: {implicit: 0, pageLoad: 300000, script: 30000}, unhandledPromptBehavior: dismiss and notify}
Session ID: e7f51e14e9e2bf5417f866d5ae999700
	at org.openqa.selenium.support.ui.WebDriverWait.timeoutException(WebDriverWait.java:95)
	at org.openqa.selenium.support.ui.FluentWait.until(FluentWait.java:272)
	at au.com.anz.thilini.infrastructure.driver.Wait.WaitForAnElementId(Wait.java:52)
	at au.com.anz.thilini.infrastructure.driver.Wait.waitForElementAttributeEqualsString(Wait.java:45)
	at au.com.anz.thilini.borrowingpage.BorrowingPage.addApplicationtypeSingle(BorrowingPage.java:89)
	at au.com.anz.thilini.borrowingpage.BorrowingPageSteps.theUserSelectApplicationTypeSingle(BorrowingPageSteps.java:24)
	at ✽.the user add all fields(file:src/test/resources/au/com/anz/thilini/borrowingestimate.feature:4)
</error>
    <system-err>Starting ChromeDriver 77.0.3865.40 (f484704e052e0b556f8030b65b953dce96503217-refs/branch-heads/3865@{#442}) on port 15042
Only local connections are allowed.
Please protect ports used by ChromeDriver and related test frameworks to prevent access by malicious code.
Oct 20, 2019 10:42:30 PM org.openqa.selenium.remote.ProtocolHandshake createSession
INFO: Detected dialect: W3C
Starting ChromeDriver 77.0.3865.40 (f484704e052e0b556f8030b65b953dce96503217-refs/branch-heads/3865@{#442}) on port 37767
Only local connections are allowed.
Please protect ports used by ChromeDriver and related test frameworks to prevent access by malicious code.
Oct 20, 2019 10:42:31 PM org.openqa.selenium.remote.ProtocolHandshake createSession
INFO: Detected dialect: W3C
</system-err>
  </testcase>
</testsuite>